#
# There is insufficient memory for the Java Runtime Environment to continue.
# Native memory allocation (malloc) failed to allocate 239376 bytes. Error detail: Chunk::new
# Possible reasons:
#   The system is out of physical RAM or swap space
#   This process is running with CompressedOops enabled, and the Java Heap may be blocking the growth of the native heap
# Possible solutions:
#   Reduce memory load on the system
#   Increase physical memory or swap space
#   Check if swap backing store is full
#   Decrease Java heap size (-Xmx/-Xms)
#   Decrease number of Java threads
#   Decrease Java thread stack sizes (-Xss)
#   Set larger code cache with -XX:ReservedCodeCacheSize=
#   JVM is running with Unscaled Compressed Oops mode in which the Java heap is
#     placed in the first 4GB address space. The Java Heap base address is the
#     maximum limit for the native heap growth. Please use -XX:HeapBaseMinAddress
#     to set the Java Heap base and to place the Java Heap above 4GB virtual address.
# This output file may be truncated or incomplete.
#
#  Out of Memory Error (arena.cpp:168), pid=5188, tid=7416
#
# JRE version: OpenJDK Runtime Environment Temurin-21.0.6+7 (21.0.6+7) (build 21.0.6+7-LTS)
# Java VM: OpenJDK 64-Bit Server VM Temurin-21.0.6+7 (21.0.6+7-LTS, mixed mode, sharing, tiered, compressed oops, compressed class ptrs, parallel gc, windows-amd64)
# No core dump will be written. Minidumps are not enabled by default on client versions of Windows
#

---------------  S U M M A R Y ------------

Command Line: --add-modules=ALL-SYSTEM --add-opens=java.base/java.util=ALL-UNNAMED --add-opens=java.base/java.lang=ALL-UNNAMED --add-opens=java.base/sun.nio.fs=ALL-UNNAMED -Declipse.application=org.eclipse.jdt.ls.core.id1 -Dosgi.bundles.defaultStartLevel=4 -Declipse.product=org.eclipse.jdt.ls.core.product -Djava.import.generatesMetadataFilesAtProjectRoot=false -DDetectVMInstallationsJob.disabled=true -Dfile.encoding=utf8 -XX:+UseParallelGC -XX:GCTimeRatio=4 -XX:AdaptiveSizePolicyWeight=90 -Dsun.zip.disableMemoryMapping=true -Xmx1G -Xms100m -Xlog:disable -javaagent:c:\Users\apasl\.vscode\extensions\redhat.java-1.40.0-win32-x64\lombok\lombok-1.18.36.jar -XX:+HeapDumpOnOutOfMemoryError -XX:HeapDumpPath=c:\Users\apasl\AppData\Roaming\Code\User\workspaceStorage\421b41229bf8ae95f62ceba2c87a3f9d\redhat.java -Daether.dependencyCollector.impl=bf c:\Users\apasl\.vscode\extensions\redhat.java-1.40.0-win32-x64\server\plugins\org.eclipse.equinox.launcher_1.6.1000.v20250131-0606.jar -configuration c:\Users\apasl\AppData\Roaming\Code\User\globalStorage\redhat.java\1.40.0\config_win -data c:\Users\apasl\AppData\Roaming\Code\User\workspaceStorage\421b41229bf8ae95f62ceba2c87a3f9d\redhat.java\jdt_ws --pipe=\\.\pipe\lsp-2695cf62e7417dfde61bd95cf23d8824-sock

Host: Intel(R) Core(TM) i3-1005G1 CPU @ 1.20GHz, 4 cores, 7G,  Windows 10 , 64 bit Build 19041 (10.0.19041.5438)
Time: Sat Mar 22 18:15:25 2025  Windows 10 , 64 bit Build 19041 (10.0.19041.5438) elapsed time: 3.921596 seconds (0d 0h 0m 3s)

---------------  T H R E A D  ---------------

Current thread (0x0000023f94b74c90):  JavaThread "C2 CompilerThread0" daemon [_thread_in_native, id=7416, stack(0x00000045c6b00000,0x00000045c6c00000) (1024K)]


Current CompileTask:
C2:3921 1569   !   4       lombok.patcher.ScriptManager$OurClassFileTransformer::transform (364 bytes)

Stack: [0x00000045c6b00000,0x00000045c6c00000]
Native frames: (J=compiled Java code, j=interpreted, Vv=VM code, C=native code)
V  [jvm.dll+0x6cdee9]
V  [jvm.dll+0x8a83d1]
V  [jvm.dll+0x8aa8fe]
V  [jvm.dll+0x8aafe3]
V  [jvm.dll+0x27f706]
V  [jvm.dll+0xc500d]
V  [jvm.dll+0xc5543]
V  [jvm.dll+0x2f2acd]
V  [jvm.dll+0x5f6a2a]
V  [jvm.dll+0x250bb2]
V  [jvm.dll+0x24937c]
V  [jvm.dll+0x246ec4]
V  [jvm.dll+0x1c75ee]
V  [jvm.dll+0x25685a]
V  [jvm.dll+0x254dfa]
V  [jvm.dll+0x3f0256]
V  [jvm.dll+0x851f8b]
V  [jvm.dll+0x6cc5ed]
C  [ucrtbase.dll+0x21bb2]
C  [KERNEL32.DLL+0x17374]
C  [ntdll.dll+0x4cc91]


---------------  P R O C E S S  ---------------

Threads class SMR info:
_java_thread_list=0x0000023fdb7c8b10, length=13, elements={
0x0000023f8083f980, 0x0000023f94b6b150, 0x0000023f94b6ca50, 0x0000023f94b6e5d0,
0x0000023f94b6f4e0, 0x0000023f94b703f0, 0x0000023f94b73e60, 0x0000023f94b74c90,
0x0000023f94bea080, 0x0000023f808aa9f0, 0x0000023fd6c56b50, 0x0000023fdb191960,
0x0000023fdb9e2030
}

Java Threads: ( => current thread )
  0x0000023f8083f980 JavaThread "main"                              [_thread_in_vm, id=17724, stack(0x00000045c6100000,0x00000045c6200000) (1024K)]
  0x0000023f94b6b150 JavaThread "Reference Handler"          daemon [_thread_blocked, id=17836, stack(0x00000045c6500000,0x00000045c6600000) (1024K)]
  0x0000023f94b6ca50 JavaThread "Finalizer"                  daemon [_thread_blocked, id=15272, stack(0x00000045c6600000,0x00000045c6700000) (1024K)]
  0x0000023f94b6e5d0 JavaThread "Signal Dispatcher"          daemon [_thread_blocked, id=14652, stack(0x00000045c6700000,0x00000045c6800000) (1024K)]
  0x0000023f94b6f4e0 JavaThread "Attach Listener"            daemon [_thread_blocked, id=7448, stack(0x00000045c6800000,0x00000045c6900000) (1024K)]
  0x0000023f94b703f0 JavaThread "Service Thread"             daemon [_thread_blocked, id=10964, stack(0x00000045c6900000,0x00000045c6a00000) (1024K)]
  0x0000023f94b73e60 JavaThread "Monitor Deflation Thread"   daemon [_thread_blocked, id=10388, stack(0x00000045c6a00000,0x00000045c6b00000) (1024K)]
=>0x0000023f94b74c90 JavaThread "C2 CompilerThread0"         daemon [_thread_in_native, id=7416, stack(0x00000045c6b00000,0x00000045c6c00000) (1024K)]
  0x0000023f94bea080 JavaThread "C1 CompilerThread0"         daemon [_thread_blocked, id=14048, stack(0x00000045c6c00000,0x00000045c6d00000) (1024K)]
  0x0000023f808aa9f0 JavaThread "Common-Cleaner"             daemon [_thread_blocked, id=10452, stack(0x00000045c6d00000,0x00000045c6e00000) (1024K)]
  0x0000023fd6c56b50 JavaThread "Notification Thread"        daemon [_thread_blocked, id=16868, stack(0x00000045c6e00000,0x00000045c6f00000) (1024K)]
  0x0000023fdb191960 JavaThread "C2 CompilerThread1"         daemon [_thread_blocked, id=12576, stack(0x00000045c6f00000,0x00000045c7000000) (1024K)]
  0x0000023fdb9e2030 JavaThread "Active Thread: Equinox Container: 18cc422e-8445-4cbd-a4b7-b6873e3986ba"        [_thread_blocked, id=5124, stack(0x00000045c7300000,0x00000045c7400000) (1024K)]
Total: 13

Other Threads:
  0x0000023f94b4e240 VMThread "VM Thread"                           [id=9164, stack(0x00000045c6400000,0x00000045c6500000) (1024K)]
  0x0000023f808a9490 WatcherThread "VM Periodic Task Thread"        [id=8056, stack(0x00000045c6300000,0x00000045c6400000) (1024K)]
  0x0000023f8085dd80 WorkerThread "GC Thread#0"                     [id=15700, stack(0x00000045c6200000,0x00000045c6300000) (1024K)]
  0x0000023fdb0ee3e0 WorkerThread "GC Thread#1"                     [id=10524, stack(0x00000045c7000000,0x00000045c7100000) (1024K)]
  0x0000023fdb1f0880 WorkerThread "GC Thread#2"                     [id=8388, stack(0x00000045c7100000,0x00000045c7200000) (1024K)]
  0x0000023fdb1f0c20 WorkerThread "GC Thread#3"                     [id=16144, stack(0x00000045c7200000,0x00000045c7300000) (1024K)]
Total: 6

Threads with active compile tasks:
C2 CompilerThread0  3953 1569   !   4       lombok.patcher.ScriptManager$OurClassFileTransformer::transform (364 bytes)
Total: 1

VM state: not at safepoint (normal execution)

VM Mutex/Monitor currently owned by a thread: None

Heap address: 0x00000000c0000000, size: 1024 MB, Compressed Oops mode: 32-bit

CDS archive(s) mapped at: [0x0000023f95000000-0x0000023f95ba0000-0x0000023f95ba0000), size 12189696, SharedBaseAddress: 0x0000023f95000000, ArchiveRelocationMode: 1.
Compressed class space mapped at: 0x0000023f96000000-0x0000023fd6000000, reserved size: 1073741824
Narrow klass base: 0x0000023f95000000, Narrow klass shift: 0, Narrow klass range: 0x100000000

GC Precious Log:
 CardTable entry size: 512
 CPUs: 4 total, 4 available
 Memory: 7981M
 Large Page Support: Disabled
 NUMA Support: Disabled
 Compressed Oops: Enabled (32-bit)
 Alignments: Space 512K, Generation 512K, Heap 2M
 Heap Min Capacity: 100M
 Heap Initial Capacity: 100M
 Heap Max Capacity: 1G
 Pre-touch: Disabled
 Parallel Workers: 4

Heap:
 PSYoungGen      total 29696K, used 21147K [0x00000000eab00000, 0x00000000ecc00000, 0x0000000100000000)
  eden space 25600K, 70% used [0x00000000eab00000,0x00000000ebc8d508,0x00000000ec400000)
  from space 4096K, 77% used [0x00000000ec400000,0x00000000ec7197f0,0x00000000ec800000)
  to   space 4096K, 0% used [0x00000000ec800000,0x00000000ec800000,0x00000000ecc00000)
 ParOldGen       total 68608K, used 8K [0x00000000c0000000, 0x00000000c4300000, 0x00000000eab00000)
  object space 68608K, 0% used [0x00000000c0000000,0x00000000c0002000,0x00000000c4300000)
 Metaspace       used 6986K, committed 7296K, reserved 1114112K
  class space    used 663K, committed 832K, reserved 1048576K

Card table byte_map: [0x0000023f80210000,0x0000023f80420000] _byte_map_base: 0x0000023f7fc10000

Marking Bits: (ParMarkBitMap*) 0x00007ff8456d3260
 Begin Bits: [0x0000023f92a30000, 0x0000023f93a30000)
 End Bits:   [0x0000023f93a30000, 0x0000023f94a30000)

Polling page: 0x0000023f80000000

Metaspace:

Usage:
  Non-class:      6.17 MB used.
      Class:    663.73 KB used.
       Both:      6.82 MB used.

Virtual space:
  Non-class space:       64.00 MB reserved,       6.31 MB ( 10%) committed,  1 nodes.
      Class space:        1.00 GB reserved,     832.00 KB ( <1%) committed,  1 nodes.
             Both:        1.06 GB reserved,       7.12 MB ( <1%) committed. 

Chunk freelists:
   Non-Class:  9.38 MB
       Class:  15.04 MB
        Both:  24.42 MB

MaxMetaspaceSize: unlimited
CompressedClassSpaceSize: 1.00 GB
Initial GC threshold: 21.00 MB
Current GC threshold: 21.00 MB
CDS: on
 - commit_granule_bytes: 65536.
 - commit_granule_words: 8192.
 - virtual_space_node_default_size: 8388608.
 - enlarge_chunks_in_place: 1.
 - use_allocation_guard: 0.


Internal statistics:

num_allocs_failed_limit: 0.
num_arena_births: 168.
num_arena_deaths: 0.
num_vsnodes_births: 2.
num_vsnodes_deaths: 0.
num_space_committed: 114.
num_space_uncommitted: 0.
num_chunks_returned_to_freelist: 0.
num_chunks_taken_from_freelist: 303.
num_chunk_merges: 0.
num_chunk_splits: 210.
num_chunks_enlarged: 153.
num_inconsistent_stats: 0.

CodeHeap 'non-profiled nmethods': size=120000Kb used=725Kb max_used=725Kb free=119274Kb
 bounds [0x0000023f8b500000, 0x0000023f8b770000, 0x0000023f92a30000]
CodeHeap 'profiled nmethods': size=120000Kb used=2809Kb max_used=2809Kb free=117190Kb
 bounds [0x0000023f83a30000, 0x0000023f83cf0000, 0x0000023f8af60000]
CodeHeap 'non-nmethods': size=5760Kb used=1216Kb max_used=1254Kb free=4543Kb
 bounds [0x0000023f8af60000, 0x0000023f8b1d0000, 0x0000023f8b500000]
 total_blobs=2062 nmethods=1590 adapters=379
 compilation: enabled
              stopped_count=0, restarted_count=0
 full_count=0

Compilation events (20 events):
Event: 3.885 Thread 0x0000023f94bea080 1557       3       java.util.ArrayList$SubList$1::next (85 bytes)
Event: 3.886 Thread 0x0000023f94bea080 nmethod 1557 0x0000023f83ce0610 code [0x0000023f83ce0800, 0x0000023f83ce0c30]
Event: 3.886 Thread 0x0000023f94bea080 1558       3       org.eclipse.osgi.internal.loader.BundleLoaderSources::forceSourceCreation (31 bytes)
Event: 3.886 Thread 0x0000023f94bea080 nmethod 1558 0x0000023f83ce0e90 code [0x0000023f83ce1060, 0x0000023f83ce13d0]
Event: 3.886 Thread 0x0000023f94bea080 1560   !   3       java.util.Collections$SynchronizedCollection::add (25 bytes)
Event: 3.886 Thread 0x0000023f94bea080 nmethod 1560 0x0000023f83ce1510 code [0x0000023f83ce16c0, 0x0000023f83ce1990]
Event: 3.888 Thread 0x0000023fdb191960 1563       4       lombok.patcher.scripts.AddFieldScript::patch (55 bytes)
Event: 3.889 Thread 0x0000023f94bea080 1564       3       java.lang.String::getBytesNoRepl1 (89 bytes)
Event: 3.890 Thread 0x0000023f94bea080 nmethod 1564 0x0000023f83ce1b10 code [0x0000023f83ce1da0, 0x0000023f83ce26b8]
Event: 3.890 Thread 0x0000023f94bea080 1565       3       java.lang.String::isASCII (16 bytes)
Event: 3.890 Thread 0x0000023f94bea080 nmethod 1565 0x0000023f83ce2990 code [0x0000023f83ce2b40, 0x0000023f83ce2d70]
Event: 3.890 Thread 0x0000023f94bea080 1566       3       java.util.zip.ZipCoder$UTF8ZipCoder::hasTrailingSlash (20 bytes)
Event: 3.890 Thread 0x0000023f94bea080 nmethod 1566 0x0000023f83ce2e90 code [0x0000023f83ce3040, 0x0000023f83ce3200]
Event: 3.890 Thread 0x0000023f94bea080 1567   !   3       jdk.internal.loader.URLClassPath$JarLoader::checkResource (73 bytes)
Event: 3.890 Thread 0x0000023f94b74c90 1569   !   4       lombok.patcher.ScriptManager$OurClassFileTransformer::transform (364 bytes)
Event: 3.891 Thread 0x0000023f94bea080 nmethod 1567 0x0000023f83ce3310 code [0x0000023f83ce3540, 0x0000023f83ce3d18]
Event: 3.891 Thread 0x0000023f94bea080 1568       3       java.security.CodeSigner::equals (67 bytes)
Event: 3.891 Thread 0x0000023f94bea080 nmethod 1568 0x0000023f83ce4110 code [0x0000023f83ce4320, 0x0000023f83ce4920]
Event: 3.916 Thread 0x0000023f94bea080 1570       3       java.lang.ClassLoader::getParent (32 bytes)
Event: 3.916 Thread 0x0000023f94bea080 nmethod 1570 0x0000023f83ce4a90 code [0x0000023f83ce4c40, 0x0000023f83ce4e98]

GC Heap History (2 events):
Event: 2.841 GC heap before
{Heap before GC invocations=1 (full 0):
 PSYoungGen      total 29696K, used 25600K [0x00000000eab00000, 0x00000000ecc00000, 0x0000000100000000)
  eden space 25600K, 100% used [0x00000000eab00000,0x00000000ec400000,0x00000000ec400000)
  from space 4096K, 0% used [0x00000000ec800000,0x00000000ec800000,0x00000000ecc00000)
  to   space 4096K, 0% used [0x00000000ec400000,0x00000000ec400000,0x00000000ec800000)
 ParOldGen       total 68608K, used 0K [0x00000000c0000000, 0x00000000c4300000, 0x00000000eab00000)
  object space 68608K, 0% used [0x00000000c0000000,0x00000000c0000000,0x00000000c4300000)
 Metaspace       used 4370K, committed 4608K, reserved 1114112K
  class space    used 439K, committed 512K, reserved 1048576K
}
Event: 2.854 GC heap after
{Heap after GC invocations=1 (full 0):
 PSYoungGen      total 29696K, used 3173K [0x00000000eab00000, 0x00000000ecc00000, 0x0000000100000000)
  eden space 25600K, 0% used [0x00000000eab00000,0x00000000eab00000,0x00000000ec400000)
  from space 4096K, 77% used [0x00000000ec400000,0x00000000ec7197f0,0x00000000ec800000)
  to   space 4096K, 0% used [0x00000000ec800000,0x00000000ec800000,0x00000000ecc00000)
 ParOldGen       total 68608K, used 8K [0x00000000c0000000, 0x00000000c4300000, 0x00000000eab00000)
  object space 68608K, 0% used [0x00000000c0000000,0x00000000c0002000,0x00000000c4300000)
 Metaspace       used 4370K, committed 4608K, reserved 1114112K
  class space    used 439K, committed 512K, reserved 1048576K
}

Dll operation events (8 events):
Event: 0.017 Loaded shared library c:\Users\apasl\.vscode\extensions\redhat.java-1.40.0-win32-x64\jre\21.0.6-win32-x86_64\bin\java.dll
Event: 0.308 Loaded shared library c:\Users\apasl\.vscode\extensions\redhat.java-1.40.0-win32-x64\jre\21.0.6-win32-x86_64\bin\zip.dll
Event: 0.568 Loaded shared library C:\Users\apasl\.vscode\extensions\redhat.java-1.40.0-win32-x64\jre\21.0.6-win32-x86_64\bin\instrument.dll
Event: 0.579 Loaded shared library C:\Users\apasl\.vscode\extensions\redhat.java-1.40.0-win32-x64\jre\21.0.6-win32-x86_64\bin\net.dll
Event: 0.597 Loaded shared library C:\Users\apasl\.vscode\extensions\redhat.java-1.40.0-win32-x64\jre\21.0.6-win32-x86_64\bin\nio.dll
Event: 0.602 Loaded shared library C:\Users\apasl\.vscode\extensions\redhat.java-1.40.0-win32-x64\jre\21.0.6-win32-x86_64\bin\zip.dll
Event: 0.669 Loaded shared library C:\Users\apasl\.vscode\extensions\redhat.java-1.40.0-win32-x64\jre\21.0.6-win32-x86_64\bin\jimage.dll
Event: 1.002 Loaded shared library c:\Users\apasl\.vscode\extensions\redhat.java-1.40.0-win32-x64\jre\21.0.6-win32-x86_64\bin\verify.dll

Deoptimization events (20 events):
Event: 3.445 Thread 0x0000023f8083f980 DEOPT PACKING pc=0x0000023f83ad7e0d sp=0x00000045c61f3f50
Event: 3.445 Thread 0x0000023f8083f980 DEOPT UNPACKING pc=0x0000023f8afb78e2 sp=0x00000045c61f3400 mode 0
Event: 3.472 Thread 0x0000023f8083f980 DEOPT PACKING pc=0x0000023f83ad7eae sp=0x00000045c61f7a10
Event: 3.472 Thread 0x0000023f8083f980 DEOPT UNPACKING pc=0x0000023f8afb78e2 sp=0x00000045c61f6ec0 mode 0
Event: 3.544 Thread 0x0000023f8083f980 Uncommon trap: trap_request=0xffffffc6 fr.pc=0x0000023f8b53cfd8 relative=0x0000000000000298
Event: 3.544 Thread 0x0000023f8083f980 Uncommon trap: reason=bimorphic_or_optimized_type_check action=maybe_recompile pc=0x0000023f8b53cfd8 method=java.util.Collections$UnmodifiableCollection$1.next()Ljava/lang/Object; @ 4 c2
Event: 3.544 Thread 0x0000023f8083f980 DEOPT PACKING pc=0x0000023f8b53cfd8 sp=0x00000045c61f8190
Event: 3.544 Thread 0x0000023f8083f980 DEOPT UNPACKING pc=0x0000023f8afb6da2 sp=0x00000045c61f8140 mode 2
Event: 3.544 Thread 0x0000023f8083f980 Uncommon trap: trap_request=0xffffffc6 fr.pc=0x0000023f8b53cfd8 relative=0x0000000000000298
Event: 3.544 Thread 0x0000023f8083f980 Uncommon trap: reason=bimorphic_or_optimized_type_check action=maybe_recompile pc=0x0000023f8b53cfd8 method=java.util.Collections$UnmodifiableCollection$1.next()Ljava/lang/Object; @ 4 c2
Event: 3.544 Thread 0x0000023f8083f980 DEOPT PACKING pc=0x0000023f8b53cfd8 sp=0x00000045c61f8190
Event: 3.544 Thread 0x0000023f8083f980 DEOPT UNPACKING pc=0x0000023f8afb6da2 sp=0x00000045c61f8140 mode 2
Event: 3.834 Thread 0x0000023f8083f980 Uncommon trap: trap_request=0xffffff45 fr.pc=0x0000023f8b584bcc relative=0x00000000000000ac
Event: 3.834 Thread 0x0000023f8083f980 Uncommon trap: reason=unstable_if action=reinterpret pc=0x0000023f8b584bcc method=java.util.concurrent.locks.ReentrantLock$NonfairSync.initialTryLock()Z @ 10 c2
Event: 3.834 Thread 0x0000023f8083f980 DEOPT PACKING pc=0x0000023f8b584bcc sp=0x00000045c61fe610
Event: 3.834 Thread 0x0000023f8083f980 DEOPT UNPACKING pc=0x0000023f8afb6da2 sp=0x00000045c61fe5a0 mode 2
Event: 3.835 Thread 0x0000023f8083f980 Uncommon trap: trap_request=0xffffff45 fr.pc=0x0000023f8b57d2b4 relative=0x0000000000000094
Event: 3.835 Thread 0x0000023f8083f980 Uncommon trap: reason=unstable_if action=reinterpret pc=0x0000023f8b57d2b4 method=java.util.concurrent.locks.ReentrantLock$Sync.tryRelease(I)Z @ 26 c2
Event: 3.835 Thread 0x0000023f8083f980 DEOPT PACKING pc=0x0000023f8b57d2b4 sp=0x00000045c61fe6e0
Event: 3.835 Thread 0x0000023f8083f980 DEOPT UNPACKING pc=0x0000023f8afb6da2 sp=0x00000045c61fe660 mode 2

Classes loaded (20 events):
Event: 3.853 Loading class java/util/concurrent/RunnableScheduledFuture
Event: 3.853 Loading class java/util/concurrent/RunnableFuture
Event: 3.853 Loading class java/util/concurrent/RunnableFuture done
Event: 3.853 Loading class java/util/concurrent/ScheduledFuture
Event: 3.853 Loading class java/util/concurrent/Delayed
Event: 3.853 Loading class java/util/concurrent/Delayed done
Event: 3.853 Loading class java/util/concurrent/ScheduledFuture done
Event: 3.853 Loading class java/util/concurrent/RunnableScheduledFuture done
Event: 3.855 Loading class java/util/concurrent/ScheduledThreadPoolExecutor$ScheduledFutureTask
Event: 3.855 Loading class java/util/concurrent/FutureTask
Event: 3.855 Loading class java/util/concurrent/FutureTask done
Event: 3.855 Loading class java/util/concurrent/ScheduledThreadPoolExecutor$ScheduledFutureTask done
Event: 3.856 Loading class java/util/concurrent/FutureTask$WaitNode
Event: 3.856 Loading class java/util/concurrent/FutureTask$WaitNode done
Event: 3.856 Loading class java/util/concurrent/Executors$RunnableAdapter
Event: 3.856 Loading class java/util/concurrent/Executors$RunnableAdapter done
Event: 3.856 Loading class java/util/concurrent/ThreadPoolExecutor$Worker
Event: 3.856 Loading class java/util/concurrent/ThreadPoolExecutor$Worker done
Event: 3.916 Loading class java/util/ArrayList$ListItr
Event: 3.917 Loading class java/util/ArrayList$ListItr done

Classes unloaded (0 events):
No events

Classes redefined (0 events):
No events

Internal exceptions (20 events):
Event: 2.697 Thread 0x0000023f8083f980 Exception <a 'java/lang/ClassNotFoundException'{0x00000000ec24a420}: sun/net/www/protocol/d/Handler> (0x00000000ec24a420) 
thrown [s\src\hotspot\share\classfile\systemDictionary.cpp, line 312]
Event: 2.698 Thread 0x0000023f8083f980 Exception <a 'java/lang/ClassNotFoundException'{0x00000000ec24b578}: sun/net/www/protocol/c/Handler> (0x00000000ec24b578) 
thrown [s\src\hotspot\share\classfile\systemDictionary.cpp, line 312]
Event: 2.712 Thread 0x0000023f8083f980 Exception <a 'java/io/FileNotFoundException'{0x00000000ec273d08}> (0x00000000ec273d08) 
thrown [s\src\hotspot\share\prims\jni.cpp, line 520]
Event: 2.813 Thread 0x0000023f8083f980 Implicit null exception at 0x0000023f8b564349 to 0x0000023f8b564e24
Event: 2.813 Thread 0x0000023f8083f980 Implicit null exception at 0x0000023f8b56c51a to 0x0000023f8b56c720
Event: 2.814 Thread 0x0000023f8083f980 Exception <a 'java/lang/NoSuchMethodError'{0x00000000ec39ed40}: 'void java.lang.invoke.DirectMethodHandle$Holder.invokeStatic(java.lang.Object, java.lang.Object, java.lang.Object, java.lang.Object)'> (0x00000000ec39ed40) 
thrown [s\src\hotspot\share\interpreter\linkResolver.cpp, line 773]
Event: 2.816 Thread 0x0000023f8083f980 Implicit null exception at 0x0000023f8b55d89a to 0x0000023f8b55daa4
Event: 2.816 Thread 0x0000023f8083f980 Implicit null exception at 0x0000023f8b55093d to 0x0000023f8b5509c1
Event: 2.932 Thread 0x0000023f8083f980 Exception <a 'java/lang/NoSuchMethodError'{0x00000000eacdfa78}: 'long java.lang.invoke.DirectMethodHandle$Holder.invokeStatic(java.lang.Object, java.lang.Object, int)'> (0x00000000eacdfa78) 
thrown [s\src\hotspot\share\interpreter\linkResolver.cpp, line 773]
Event: 2.934 Thread 0x0000023f8083f980 Exception <a 'java/lang/NoSuchMethodError'{0x00000000eace75e0}: 'java.lang.Object java.lang.invoke.DirectMethodHandle$Holder.invokeSpecial(java.lang.Object, java.lang.Object, java.lang.Object, java.lang.Object, long)'> (0x00000000eace75e0) 
thrown [s\src\hotspot\share\interpreter\linkResolver.cpp, line 773]
Event: 2.937 Thread 0x0000023f8083f980 Exception <a 'java/lang/NoSuchMethodError'{0x00000000eacf57c0}: 'java.lang.Object java.lang.invoke.DirectMethodHandle$Holder.invokeSpecial(java.lang.Object, java.lang.Object, java.lang.Object, int, java.lang.Object)'> (0x00000000eacf57c0) 
thrown [s\src\hotspot\share\interpreter\linkResolver.cpp, line 773]
Event: 2.942 Thread 0x0000023f8083f980 Exception <a 'java/lang/NoSuchMethodError'{0x00000000ead0f238}: 'java.lang.Object java.lang.invoke.Invokers$Holder.invokeExact_MT(java.lang.Object, java.lang.Object, java.lang.Object, java.lang.Object, java.lang.Object, java.lang.Object)'> (0x00000000ead0f238) 
thrown [s\src\hotspot\share\interpreter\linkResolver.cpp, line 773]
Event: 2.948 Thread 0x0000023f8083f980 Exception <a 'java/lang/NoSuchMethodError'{0x00000000ead28af0}: 'int java.lang.invoke.DirectMethodHandle$Holder.invokeStaticInit(java.lang.Object, java.lang.Object, java.lang.Object, java.lang.Object)'> (0x00000000ead28af0) 
thrown [s\src\hotspot\share\interpreter\linkResolver.cpp, line 773]
Event: 2.950 Thread 0x0000023f8083f980 Exception <a 'java/lang/NoSuchMethodError'{0x00000000ead31540}: 'java.lang.Object java.lang.invoke.DirectMethodHandle$Holder.invokeInterface(java.lang.Object, java.lang.Object)'> (0x00000000ead31540) 
thrown [s\src\hotspot\share\interpreter\linkResolver.cpp, line 773]
Event: 2.950 Thread 0x0000023f8083f980 Exception <a 'java/lang/IncompatibleClassChangeError'{0x00000000ead34a78}: Found class java.lang.Object, but interface was expected> (0x00000000ead34a78) 
thrown [s\src\hotspot\share\interpreter\linkResolver.cpp, line 840]
Event: 2.951 Thread 0x0000023f8083f980 Exception <a 'java/lang/NoSuchMethodError'{0x00000000ead38c30}: 'void java.lang.invoke.DirectMethodHandle$Holder.invokeStatic(java.lang.Object, java.lang.Object)'> (0x00000000ead38c30) 
thrown [s\src\hotspot\share\interpreter\linkResolver.cpp, line 773]
Event: 2.952 Thread 0x0000023f8083f980 Exception <a 'java/lang/NoSuchMethodError'{0x00000000ead3bfd8}: 'void java.lang.invoke.DirectMethodHandle$Holder.invokeStaticInit(java.lang.Object, java.lang.Object)'> (0x00000000ead3bfd8) 
thrown [s\src\hotspot\share\interpreter\linkResolver.cpp, line 773]
Event: 2.953 Thread 0x0000023f8083f980 Exception <a 'java/lang/NoSuchMethodError'{0x00000000ead43078}: 'int java.lang.invoke.DirectMethodHandle$Holder.invokeStaticInit(java.lang.Object, java.lang.Object)'> (0x00000000ead43078) 
thrown [s\src\hotspot\share\interpreter\linkResolver.cpp, line 773]
Event: 3.096 Thread 0x0000023f8083f980 Exception <a 'java/lang/NoSuchMethodError'{0x00000000eaea23c0}: 'void java.lang.invoke.DirectMethodHandle$Holder.invokeSpecial(java.lang.Object, java.lang.Object, java.lang.Object)'> (0x00000000eaea23c0) 
thrown [s\src\hotspot\share\interpreter\linkResolver.cpp, line 773]
Event: 3.778 Thread 0x0000023f8083f980 Exception <a 'java/lang/NoSuchMethodError'{0x00000000eb887c18}: 'int java.lang.invoke.DirectMethodHandle$Holder.invokeVirtual(java.lang.Object, java.lang.Object)'> (0x00000000eb887c18) 
thrown [s\src\hotspot\share\interpreter\linkResolver.cpp, line 773]

ZGC Phase Switch (0 events):
No events

VM Operations (20 events):
Event: 0.477 Executing VM operation: HandshakeAllThreads (Deoptimize)
Event: 0.478 Executing VM operation: HandshakeAllThreads (Deoptimize) done
Event: 0.701 Executing VM operation: HandshakeAllThreads (Deoptimize)
Event: 0.701 Executing VM operation: HandshakeAllThreads (Deoptimize) done
Event: 1.708 Executing VM operation: Cleanup
Event: 1.708 Executing VM operation: Cleanup done
Event: 1.887 Executing VM operation: HandshakeAllThreads (Deoptimize)
Event: 1.887 Executing VM operation: HandshakeAllThreads (Deoptimize) done
Event: 2.082 Executing VM operation: HandshakeAllThreads (Deoptimize)
Event: 2.082 Executing VM operation: HandshakeAllThreads (Deoptimize) done
Event: 2.657 Executing VM operation: HandshakeAllThreads (Deoptimize)
Event: 2.657 Executing VM operation: HandshakeAllThreads (Deoptimize) done
Event: 2.841 Executing VM operation: ParallelGCFailedAllocation (Allocation Failure)
Event: 2.854 Executing VM operation: ParallelGCFailedAllocation (Allocation Failure) done
Event: 3.869 Executing VM operation: Cleanup
Event: 3.884 Executing VM operation: Cleanup done
Event: 3.889 Executing VM operation: HandshakeAllThreads (Deoptimize)
Event: 3.889 Executing VM operation: HandshakeAllThreads (Deoptimize) done
Event: 3.917 Executing VM operation: HandshakeAllThreads (Deoptimize)
Event: 3.917 Executing VM operation: HandshakeAllThreads (Deoptimize) done

Memory protections (0 events):
No events

Nmethod flushes (0 events):
No events

Events (17 events):
Event: 0.145 Thread 0x0000023f8083f980 Thread added: 0x0000023f8083f980
Event: 0.331 Thread 0x0000023f8083f980 Thread added: 0x0000023f94b6b150
Event: 0.331 Thread 0x0000023f8083f980 Thread added: 0x0000023f94b6ca50
Event: 0.332 Thread 0x0000023f8083f980 Thread added: 0x0000023f94b6e5d0
Event: 0.332 Thread 0x0000023f8083f980 Thread added: 0x0000023f94b6f4e0
Event: 0.332 Thread 0x0000023f8083f980 Thread added: 0x0000023f94b703f0
Event: 0.332 Thread 0x0000023f8083f980 Thread added: 0x0000023f94b73e60
Event: 0.332 Thread 0x0000023f8083f980 Thread added: 0x0000023f94b74c90
Event: 0.341 Thread 0x0000023f8083f980 Thread added: 0x0000023f94bea080
Event: 0.446 Thread 0x0000023f8083f980 Thread added: 0x0000023f808aa9f0
Event: 1.352 Thread 0x0000023f8083f980 Thread added: 0x0000023fd6c56b50
Event: 1.650 Thread 0x0000023f94b74c90 Thread added: 0x0000023fd6c6f9a0
Event: 2.122 Thread 0x0000023fd6c6f9a0 Thread exited: 0x0000023fd6c6f9a0
Event: 2.621 Thread 0x0000023f94bea080 Thread added: 0x0000023fdb2cf740
Event: 2.890 Thread 0x0000023fdb2cf740 Thread exited: 0x0000023fdb2cf740
Event: 3.094 Thread 0x0000023f94bea080 Thread added: 0x0000023fdb191960
Event: 3.857 Thread 0x0000023f8083f980 Thread added: 0x0000023fdb9e2030


Dynamic libraries:
0x00007ff6ef570000 - 0x00007ff6ef57e000 	c:\Users\apasl\.vscode\extensions\redhat.java-1.40.0-win32-x64\jre\21.0.6-win32-x86_64\bin\java.exe
0x00007ff8b8cd0000 - 0x00007ff8b8ec8000 	C:\Windows\SYSTEM32\ntdll.dll
0x00007ff8b7940000 - 0x00007ff8b7a02000 	C:\Windows\System32\KERNEL32.DLL
0x00007ff8b66f0000 - 0x00007ff8b69ef000 	C:\Windows\System32\KERNELBASE.dll
0x00007ff8b6440000 - 0x00007ff8b6540000 	C:\Windows\System32\ucrtbase.dll
0x00007ff89bfc0000 - 0x00007ff89bfd8000 	c:\Users\apasl\.vscode\extensions\redhat.java-1.40.0-win32-x64\jre\21.0.6-win32-x86_64\bin\jli.dll
0x00007ff8b77a0000 - 0x00007ff8b793d000 	C:\Windows\System32\USER32.dll
0x00007ff8b69f0000 - 0x00007ff8b6a12000 	C:\Windows\System32\win32u.dll
0x00007ff8b88f0000 - 0x00007ff8b891b000 	C:\Windows\System32\GDI32.dll
0x00007ff8b65d0000 - 0x00007ff8b66ea000 	C:\Windows\System32\gdi32full.dll
0x00007ff8b63a0000 - 0x00007ff8b643d000 	C:\Windows\System32\msvcp_win.dll
0x00007ff8a0560000 - 0x00007ff8a057e000 	c:\Users\apasl\.vscode\extensions\redhat.java-1.40.0-win32-x64\jre\21.0.6-win32-x86_64\bin\VCRUNTIME140.dll
0x00007ff8a1070000 - 0x00007ff8a130a000 	C:\Windows\WinSxS\amd64_microsoft.windows.common-controls_6595b64144ccf1df_6.0.19041.4355_none_60b8b9eb71f62e16\COMCTL32.dll
0x00007ff8b8750000 - 0x00007ff8b87ee000 	C:\Windows\System32\msvcrt.dll
0x00007ff8b87f0000 - 0x00007ff8b881f000 	C:\Windows\System32\IMM32.DLL
0x00007ff8a6560000 - 0x00007ff8a656c000 	c:\Users\apasl\.vscode\extensions\redhat.java-1.40.0-win32-x64\jre\21.0.6-win32-x86_64\bin\vcruntime140_1.dll
0x00007ff895680000 - 0x00007ff89570d000 	c:\Users\apasl\.vscode\extensions\redhat.java-1.40.0-win32-x64\jre\21.0.6-win32-x86_64\bin\msvcp140.dll
0x00007ff844a20000 - 0x00007ff8457b0000 	c:\Users\apasl\.vscode\extensions\redhat.java-1.40.0-win32-x64\jre\21.0.6-win32-x86_64\bin\server\jvm.dll
0x00007ff8b6de0000 - 0x00007ff8b6e8f000 	C:\Windows\System32\ADVAPI32.dll
0x00007ff8b7a20000 - 0x00007ff8b7abf000 	C:\Windows\System32\sechost.dll
0x00007ff8b7b40000 - 0x00007ff8b7c63000 	C:\Windows\System32\RPCRT4.dll
0x00007ff8b6370000 - 0x00007ff8b6397000 	C:\Windows\System32\bcrypt.dll
0x00007ff8b7ac0000 - 0x00007ff8b7b2b000 	C:\Windows\System32\WS2_32.dll
0x00007ff8b61d0000 - 0x00007ff8b621b000 	C:\Windows\SYSTEM32\POWRPROF.dll
0x00007ff89b7a0000 - 0x00007ff89b7c7000 	C:\Windows\SYSTEM32\WINMM.dll
0x00007ff8b04f0000 - 0x00007ff8b04fa000 	C:\Windows\SYSTEM32\VERSION.dll
0x00007ff8b61b0000 - 0x00007ff8b61c2000 	C:\Windows\SYSTEM32\UMPDC.dll
0x00007ff8b40d0000 - 0x00007ff8b40e2000 	C:\Windows\SYSTEM32\kernel.appcore.dll
0x00007ff8978e0000 - 0x00007ff8978ea000 	c:\Users\apasl\.vscode\extensions\redhat.java-1.40.0-win32-x64\jre\21.0.6-win32-x86_64\bin\jimage.dll
0x00007ff8a1dd0000 - 0x00007ff8a1fb4000 	C:\Windows\SYSTEM32\DBGHELP.DLL
0x00007ff8a1590000 - 0x00007ff8a15c4000 	C:\Windows\SYSTEM32\dbgcore.DLL
0x00007ff8b6540000 - 0x00007ff8b65c2000 	C:\Windows\System32\bcryptPrimitives.dll
0x00007ff8978d0000 - 0x00007ff8978df000 	c:\Users\apasl\.vscode\extensions\redhat.java-1.40.0-win32-x64\jre\21.0.6-win32-x86_64\bin\instrument.dll
0x00007ff88d170000 - 0x00007ff88d18f000 	c:\Users\apasl\.vscode\extensions\redhat.java-1.40.0-win32-x64\jre\21.0.6-win32-x86_64\bin\java.dll
0x00007ff8b7e30000 - 0x00007ff8b859d000 	C:\Windows\System32\SHELL32.dll
0x00007ff8b43b0000 - 0x00007ff8b4b54000 	C:\Windows\SYSTEM32\windows.storage.dll
0x00007ff8b7440000 - 0x00007ff8b7795000 	C:\Windows\System32\combase.dll
0x00007ff8b5cd0000 - 0x00007ff8b5cfb000 	C:\Windows\SYSTEM32\Wldp.dll
0x00007ff8b8820000 - 0x00007ff8b88ed000 	C:\Windows\System32\OLEAUT32.dll
0x00007ff8b7c70000 - 0x00007ff8b7d1d000 	C:\Windows\System32\SHCORE.dll
0x00007ff8b8c10000 - 0x00007ff8b8c65000 	C:\Windows\System32\shlwapi.dll
0x00007ff8b62a0000 - 0x00007ff8b62c5000 	C:\Windows\SYSTEM32\profapi.dll
0x00007ff8852d0000 - 0x00007ff8852e8000 	c:\Users\apasl\.vscode\extensions\redhat.java-1.40.0-win32-x64\jre\21.0.6-win32-x86_64\bin\zip.dll
0x00007ff8978c0000 - 0x00007ff8978d0000 	C:\Users\apasl\.vscode\extensions\redhat.java-1.40.0-win32-x64\jre\21.0.6-win32-x86_64\bin\net.dll
0x00007ff8ad6a0000 - 0x00007ff8ad7aa000 	C:\Windows\SYSTEM32\WINHTTP.dll
0x00007ff8b59e0000 - 0x00007ff8b5a4c000 	C:\Windows\system32\mswsock.dll
0x00007ff8837f0000 - 0x00007ff883806000 	C:\Users\apasl\.vscode\extensions\redhat.java-1.40.0-win32-x64\jre\21.0.6-win32-x86_64\bin\nio.dll
0x00007ff8977a0000 - 0x00007ff8977b0000 	c:\Users\apasl\.vscode\extensions\redhat.java-1.40.0-win32-x64\jre\21.0.6-win32-x86_64\bin\verify.dll

dbghelp: loaded successfully - version: 4.0.5 - missing functions: none
symbol engine: initialized successfully - sym options: 0x614 - pdb path: .;c:\Users\apasl\.vscode\extensions\redhat.java-1.40.0-win32-x64\jre\21.0.6-win32-x86_64\bin;C:\Windows\SYSTEM32;C:\Windows\WinSxS\amd64_microsoft.windows.common-controls_6595b64144ccf1df_6.0.19041.4355_none_60b8b9eb71f62e16;c:\Users\apasl\.vscode\extensions\redhat.java-1.40.0-win32-x64\jre\21.0.6-win32-x86_64\bin\server

VM Arguments:
jvm_args: --add-modules=ALL-SYSTEM --add-opens=java.base/java.util=ALL-UNNAMED --add-opens=java.base/java.lang=ALL-UNNAMED --add-opens=java.base/sun.nio.fs=ALL-UNNAMED -Declipse.application=org.eclipse.jdt.ls.core.id1 -Dosgi.bundles.defaultStartLevel=4 -Declipse.product=org.eclipse.jdt.ls.core.product -Djava.import.generatesMetadataFilesAtProjectRoot=false -DDetectVMInstallationsJob.disabled=true -Dfile.encoding=utf8 -XX:+UseParallelGC -XX:GCTimeRatio=4 -XX:AdaptiveSizePolicyWeight=90 -Dsun.zip.disableMemoryMapping=true -Xmx1G -Xms100m -Xlog:disable -javaagent:c:\Users\apasl\.vscode\extensions\redhat.java-1.40.0-win32-x64\lombok\lombok-1.18.36.jar -XX:+HeapDumpOnOutOfMemoryError -XX:HeapDumpPath=c:\Users\apasl\AppData\Roaming\Code\User\workspaceStorage\421b41229bf8ae95f62ceba2c87a3f9d\redhat.java -Daether.dependencyCollector.impl=bf 
java_command: c:\Users\apasl\.vscode\extensions\redhat.java-1.40.0-win32-x64\server\plugins\org.eclipse.equinox.launcher_1.6.1000.v20250131-0606.jar -configuration c:\Users\apasl\AppData\Roaming\Code\User\globalStorage\redhat.java\1.40.0\config_win -data c:\Users\apasl\AppData\Roaming\Code\User\workspaceStorage\421b41229bf8ae95f62ceba2c87a3f9d\redhat.java\jdt_ws --pipe=\\.\pipe\lsp-2695cf62e7417dfde61bd95cf23d8824-sock
java_class_path (initial): c:\Users\apasl\.vscode\extensions\redhat.java-1.40.0-win32-x64\server\plugins\org.eclipse.equinox.launcher_1.6.1000.v20250131-0606.jar
Launcher Type: SUN_STANDARD

[Global flags]
    uintx AdaptiveSizePolicyWeight                 = 90                                        {product} {command line}
     intx CICompilerCount                          = 3                                         {product} {ergonomic}
    uintx GCTimeRatio                              = 4                                         {product} {command line}
     bool HeapDumpOnOutOfMemoryError               = true                                   {manageable} {command line}
    ccstr HeapDumpPath                             = c:\Users\apasl\AppData\Roaming\Code\User\workspaceStorage\421b41229bf8ae95f62ceba2c87a3f9d\redhat.java         {manageable} {command line}
   size_t InitialHeapSize                          = 104857600                                 {product} {command line}
   size_t MaxHeapSize                              = 1073741824                                {product} {command line}
   size_t MaxNewSize                               = 357564416                                 {product} {ergonomic}
   size_t MinHeapDeltaBytes                        = 524288                                    {product} {ergonomic}
   size_t MinHeapSize                              = 104857600                                 {product} {command line}
   size_t NewSize                                  = 34603008                                  {product} {ergonomic}
    uintx NonNMethodCodeHeapSize                   = 5832780                                {pd product} {ergonomic}
    uintx NonProfiledCodeHeapSize                  = 122912730                              {pd product} {ergonomic}
   size_t OldSize                                  = 70254592                                  {product} {ergonomic}
    uintx ProfiledCodeHeapSize                     = 122912730                              {pd product} {ergonomic}
    uintx ReservedCodeCacheSize                    = 251658240                              {pd product} {ergonomic}
     bool SegmentedCodeCache                       = true                                      {product} {ergonomic}
   size_t SoftMaxHeapSize                          = 1073741824                             {manageable} {ergonomic}
     bool UseCompressedOops                        = true                           {product lp64_product} {ergonomic}
     bool UseLargePagesIndividualAllocation        = false                                  {pd product} {ergonomic}
     bool UseParallelGC                            = true                                      {product} {command line}

Logging:
Log output configuration:
 #0: stdout all=off uptime,level,tags foldmultilines=false
 #1: stderr all=off uptime,level,tags foldmultilines=false

Environment Variables:
JAVA_HOME=C:\Program Files\Java\jdk-17
PATH=C:\Users\apasl\AppData\Local\cloud-code\installer\google-cloud-sdk\bin;C:\Program Files\Java\jdk-17\bin;C:\Program Files\Common Files\Oracle\Java\javapath;C:\Program Files\Microsoft MPI\Bin\;C:\Python312\Scripts\;C:\Python312\;C:\Program Files\Microsoft\jdk-11.0.16.101-hotspot\bin;C:\Windows\system32;C:\Windows;C:\Windows\System32\Wbem;C:\Windows\System32\WindowsPowerShell\v1.0\;C:\Windows\System32\OpenSSH\;C:\Program Files\Microsoft SQL Server\150\Tools\Binn\;C:\Program Files (x86)\dotnet\;C:\Program Files\dotnet\;D:\Git\cmd;D:\Node-red\;C:\ProgramData\chocolatey\bin;D:\BaseX\bin;C:\Program Files\apache-maven-3.9.9\bin;C:\Users\apasl\AppData\Local\Programs\Python\Launcher\;C:\Users\apasl\AppData\Local\Microsoft\WindowsApps;D:\Microsoft VS Code\bin;C:\Users\apasl\.dotnet\tools;C:\Users\apasl\AppData\Local\GitHubDesktop\bin;C:\Users\apasl\AppData\Roaming\npm;
USERNAME=apasl
OS=Windows_NT
PROCESSOR_IDENTIFIER=Intel64 Family 6 Model 126 Stepping 5, GenuineIntel
TMP=C:\Users\apasl\AppData\Local\Temp
TEMP=C:\Users\apasl\AppData\Local\Temp




Periodic native trim disabled

---------------  S Y S T E M  ---------------

OS:
 Windows 10 , 64 bit Build 19041 (10.0.19041.5438)
OS uptime: 0 days 3:06 hours
Hyper-V role detected

CPU: total 4 (initial active 4) (2 cores per cpu, 2 threads per core) family 6 model 126 stepping 5 microcode 0xa6, cx8, cmov, fxsr, ht, mmx, 3dnowpref, sse, sse2, sse3, ssse3, sse4.1, sse4.2, popcnt, lzcnt, tsc, tscinvbit, avx, avx2, aes, erms, clmul, bmi1, bmi2, adx, avx512f, avx512dq, avx512cd, avx512bw, avx512vl, sha, fma, vzeroupper, avx512_vpopcntdq, avx512_vpclmulqdq, avx512_vaes, avx512_vnni, clflush, clflushopt, avx512_vbmi2, avx512_vbmi, hv, rdtscp, rdpid, fsrm, gfni, avx512_bitalg, f16c, avx512_ifma
Processor Information for the first 4 processors :
  Max Mhz: 1190, Current Mhz: 1190, Mhz Limit: 1190

Memory: 4k page, system-wide physical 7981M (1018M free)
TotalPageFile size 10029M (AvailPageFile size 2M)
current process WorkingSet (physical memory assigned to process): 86M, peak: 86M
current process commit charge ("private bytes"): 192M, peak: 192M

vm_info: OpenJDK 64-Bit Server VM (21.0.6+7-LTS) for windows-amd64 JRE (21.0.6+7-LTS), built on 2025-01-21T00:00:00Z by "admin" with MS VC++ 17.7 (VS2022)

END.
